info 2020-11-29T16:37:27.850Z - starting server
error 2020-11-29T16:37:27.940Z - Error: Cannot find module '../../../errors'
Require stack:
- C:\Users\Nicolas\bootcamp\collab\letscoder-bootcamp-202010\staff\nicolas-postigo\huertea-api\routes\api\handlers\handle-accept-cookies.js
- C:\Users\Nicolas\bootcamp\collab\letscoder-bootcamp-202010\staff\nicolas-postigo\huertea-api\routes\api\handlers\index.js
- C:\Users\Nicolas\bootcamp\collab\letscoder-bootcamp-202010\staff\nicolas-postigo\huertea-api\routes\api\index.js
- C:\Users\Nicolas\bootcamp\collab\letscoder-bootcamp-202010\staff\nicolas-postigo\huertea-api\routes\index.js
- C:\Users\Nicolas\bootcamp\collab\letscoder-bootcamp-202010\staff\nicolas-postigo\huertea-api\index.js
    at Function.Module._resolveFilename (internal/modules/cjs/loader.js:831:15)
    at Function.Module._load (internal/modules/cjs/loader.js:687:27)
    at Module.require (internal/modules/cjs/loader.js:903:19)
    at require (internal/modules/cjs/helpers.js:74:18)
    at Object.<anonymous> (C:\Users\Nicolas\bootcamp\collab\letscoder-bootcamp-202010\staff\nicolas-postigo\huertea-api\routes\api\handlers\handle-accept-cookies.js:1:23)
    at Module._compile (internal/modules/cjs/loader.js:1015:30)
    at Object.Module._extensions..js (internal/modules/cjs/loader.js:1035:10)
    at Module.load (internal/modules/cjs/loader.js:879:32)
    at Function.Module._load (internal/modules/cjs/loader.js:724:14)
    at Module.require (internal/modules/cjs/loader.js:903:19)
    at require (internal/modules/cjs/helpers.js:74:18)
    at Object.<anonymous> (C:\Users\Nicolas\bootcamp\collab\letscoder-bootcamp-202010\staff\nicolas-postigo\huertea-api\routes\api\handlers\index.js:2:26)
    at Module._compile (internal/modules/cjs/loader.js:1015:30)
    at Object.Module._extensions..js (internal/modules/cjs/loader.js:1035:10)
    at Module.load (internal/modules/cjs/loader.js:879:32)
    at Function.Module._load (internal/modules/cjs/loader.js:724:14)
info 2020-11-29T16:37:27.943Z - stopping server
info 2020-11-29T17:04:06.036Z - starting server
error 2020-11-29T17:04:06.123Z - Error: Cannot find module '../../../logic'
Require stack:
- C:\Users\Nicolas\bootcamp\collab\letscoder-bootcamp-202010\staff\nicolas-postigo\huertea-api\routes\api\handlers\handle-register-user.js
- C:\Users\Nicolas\bootcamp\collab\letscoder-bootcamp-202010\staff\nicolas-postigo\huertea-api\routes\api\handlers\index.js
- C:\Users\Nicolas\bootcamp\collab\letscoder-bootcamp-202010\staff\nicolas-postigo\huertea-api\routes\api\index.js
- C:\Users\Nicolas\bootcamp\collab\letscoder-bootcamp-202010\staff\nicolas-postigo\huertea-api\routes\index.js
- C:\Users\Nicolas\bootcamp\collab\letscoder-bootcamp-202010\staff\nicolas-postigo\huertea-api\index.js
    at Function.Module._resolveFilename (internal/modules/cjs/loader.js:831:15)
    at Function.Module._load (internal/modules/cjs/loader.js:687:27)
    at Module.require (internal/modules/cjs/loader.js:903:19)
    at require (internal/modules/cjs/helpers.js:74:18)
    at Object.<anonymous> (C:\Users\Nicolas\bootcamp\collab\letscoder-bootcamp-202010\staff\nicolas-postigo\huertea-api\routes\api\handlers\handle-register-user.js:1:26)
    at Module._compile (internal/modules/cjs/loader.js:1015:30)
    at Object.Module._extensions..js (internal/modules/cjs/loader.js:1035:10)
    at Module.load (internal/modules/cjs/loader.js:879:32)
    at Function.Module._load (internal/modules/cjs/loader.js:724:14)
    at Module.require (internal/modules/cjs/loader.js:903:19)
    at require (internal/modules/cjs/helpers.js:74:18)
    at Object.<anonymous> (C:\Users\Nicolas\bootcamp\collab\letscoder-bootcamp-202010\staff\nicolas-postigo\huertea-api\routes\api\handlers\index.js:3:25)
    at Module._compile (internal/modules/cjs/loader.js:1015:30)
    at Object.Module._extensions..js (internal/modules/cjs/loader.js:1035:10)
    at Module.load (internal/modules/cjs/loader.js:879:32)
    at Function.Module._load (internal/modules/cjs/loader.js:724:14)
info 2020-11-29T17:04:06.126Z - stopping server
info 2020-11-29T17:07:00.770Z - starting server
error 2020-11-29T17:07:00.836Z - Error: Cannot find module '../../../logic'
Require stack:
- C:\Users\Nicolas\bootcamp\collab\letscoder-bootcamp-202010\staff\nicolas-postigo\huertea-api\routes\api\handlers\handle-register-user.js
- C:\Users\Nicolas\bootcamp\collab\letscoder-bootcamp-202010\staff\nicolas-postigo\huertea-api\routes\api\handlers\index.js
- C:\Users\Nicolas\bootcamp\collab\letscoder-bootcamp-202010\staff\nicolas-postigo\huertea-api\routes\api\index.js
- C:\Users\Nicolas\bootcamp\collab\letscoder-bootcamp-202010\staff\nicolas-postigo\huertea-api\routes\index.js
- C:\Users\Nicolas\bootcamp\collab\letscoder-bootcamp-202010\staff\nicolas-postigo\huertea-api\index.js
    at Function.Module._resolveFilename (internal/modules/cjs/loader.js:831:15)
    at Function.Module._load (internal/modules/cjs/loader.js:687:27)
    at Module.require (internal/modules/cjs/loader.js:903:19)
    at require (internal/modules/cjs/helpers.js:74:18)
    at Object.<anonymous> (C:\Users\Nicolas\bootcamp\collab\letscoder-bootcamp-202010\staff\nicolas-postigo\huertea-api\routes\api\handlers\handle-register-user.js:1:26)
    at Module._compile (internal/modules/cjs/loader.js:1015:30)
    at Object.Module._extensions..js (internal/modules/cjs/loader.js:1035:10)
    at Module.load (internal/modules/cjs/loader.js:879:32)
    at Function.Module._load (internal/modules/cjs/loader.js:724:14)
    at Module.require (internal/modules/cjs/loader.js:903:19)
    at require (internal/modules/cjs/helpers.js:74:18)
    at Object.<anonymous> (C:\Users\Nicolas\bootcamp\collab\letscoder-bootcamp-202010\staff\nicolas-postigo\huertea-api\routes\api\handlers\index.js:3:25)
    at Module._compile (internal/modules/cjs/loader.js:1015:30)
    at Object.Module._extensions..js (internal/modules/cjs/loader.js:1035:10)
    at Module.load (internal/modules/cjs/loader.js:879:32)
    at Function.Module._load (internal/modules/cjs/loader.js:724:14)
info 2020-11-29T17:07:00.838Z - stopping server
info 2020-11-29T17:07:16.508Z - starting server
error 2020-11-29T17:07:16.564Z - Error: Cannot find module '../../../logic'
Require stack:
- C:\Users\Nicolas\bootcamp\collab\letscoder-bootcamp-202010\staff\nicolas-postigo\huertea-api\routes\api\handlers\handle-register-user.js
- C:\Users\Nicolas\bootcamp\collab\letscoder-bootcamp-202010\staff\nicolas-postigo\huertea-api\routes\api\handlers\index.js
- C:\Users\Nicolas\bootcamp\collab\letscoder-bootcamp-202010\staff\nicolas-postigo\huertea-api\routes\api\index.js
- C:\Users\Nicolas\bootcamp\collab\letscoder-bootcamp-202010\staff\nicolas-postigo\huertea-api\routes\index.js
- C:\Users\Nicolas\bootcamp\collab\letscoder-bootcamp-202010\staff\nicolas-postigo\huertea-api\index.js
    at Function.Module._resolveFilename (internal/modules/cjs/loader.js:831:15)
    at Function.Module._load (internal/modules/cjs/loader.js:687:27)
    at Module.require (internal/modules/cjs/loader.js:903:19)
    at require (internal/modules/cjs/helpers.js:74:18)
    at Object.<anonymous> (C:\Users\Nicolas\bootcamp\collab\letscoder-bootcamp-202010\staff\nicolas-postigo\huertea-api\routes\api\handlers\handle-register-user.js:1:26)
    at Module._compile (internal/modules/cjs/loader.js:1015:30)
    at Object.Module._extensions..js (internal/modules/cjs/loader.js:1035:10)
    at Module.load (internal/modules/cjs/loader.js:879:32)
    at Function.Module._load (internal/modules/cjs/loader.js:724:14)
    at Module.require (internal/modules/cjs/loader.js:903:19)
    at require (internal/modules/cjs/helpers.js:74:18)
    at Object.<anonymous> (C:\Users\Nicolas\bootcamp\collab\letscoder-bootcamp-202010\staff\nicolas-postigo\huertea-api\routes\api\handlers\index.js:3:25)
    at Module._compile (internal/modules/cjs/loader.js:1015:30)
    at Object.Module._extensions..js (internal/modules/cjs/loader.js:1035:10)
    at Module.load (internal/modules/cjs/loader.js:879:32)
    at Function.Module._load (internal/modules/cjs/loader.js:724:14)
info 2020-11-29T17:07:16.566Z - stopping server
info 2020-11-29T17:15:18.900Z - starting server
error 2020-11-29T17:15:19.205Z - Error: Cannot find module '../../../logic'
Require stack:
- C:\Users\Nicolas\bootcamp\collab\letscoder-bootcamp-202010\staff\nicolas-postigo\huertea-api\routes\api\handlers\handle-register-user.js
- C:\Users\Nicolas\bootcamp\collab\letscoder-bootcamp-202010\staff\nicolas-postigo\huertea-api\routes\api\handlers\index.js
- C:\Users\Nicolas\bootcamp\collab\letscoder-bootcamp-202010\staff\nicolas-postigo\huertea-api\routes\api\index.js
- C:\Users\Nicolas\bootcamp\collab\letscoder-bootcamp-202010\staff\nicolas-postigo\huertea-api\routes\index.js
- C:\Users\Nicolas\bootcamp\collab\letscoder-bootcamp-202010\staff\nicolas-postigo\huertea-api\index.js
    at Function.Module._resolveFilename (internal/modules/cjs/loader.js:831:15)
    at Function.Module._load (internal/modules/cjs/loader.js:687:27)
    at Module.require (internal/modules/cjs/loader.js:903:19)
    at require (internal/modules/cjs/helpers.js:74:18)
    at Object.<anonymous> (C:\Users\Nicolas\bootcamp\collab\letscoder-bootcamp-202010\staff\nicolas-postigo\huertea-api\routes\api\handlers\handle-register-user.js:1:26)
    at Module._compile (internal/modules/cjs/loader.js:1015:30)
    at Object.Module._extensions..js (internal/modules/cjs/loader.js:1035:10)
    at Module.load (internal/modules/cjs/loader.js:879:32)
    at Function.Module._load (internal/modules/cjs/loader.js:724:14)
    at Module.require (internal/modules/cjs/loader.js:903:19)
    at require (internal/modules/cjs/helpers.js:74:18)
    at Object.<anonymous> (C:\Users\Nicolas\bootcamp\collab\letscoder-bootcamp-202010\staff\nicolas-postigo\huertea-api\routes\api\handlers\index.js:3:25)
    at Module._compile (internal/modules/cjs/loader.js:1015:30)
    at Object.Module._extensions..js (internal/modules/cjs/loader.js:1035:10)
    at Module.load (internal/modules/cjs/loader.js:879:32)
    at Function.Module._load (internal/modules/cjs/loader.js:724:14)
info 2020-11-29T17:15:19.208Z - stopping server
info 2020-11-29T17:16:59.699Z - starting server
error 2020-11-29T17:16:59.760Z - Error: Cannot find module '../../../logic'
Require stack:
- C:\Users\Nicolas\bootcamp\collab\letscoder-bootcamp-202010\staff\nicolas-postigo\huertea-api\routes\api\handlers\handle-register-user.js
- C:\Users\Nicolas\bootcamp\collab\letscoder-bootcamp-202010\staff\nicolas-postigo\huertea-api\routes\api\handlers\index.js
- C:\Users\Nicolas\bootcamp\collab\letscoder-bootcamp-202010\staff\nicolas-postigo\huertea-api\routes\api\index.js
- C:\Users\Nicolas\bootcamp\collab\letscoder-bootcamp-202010\staff\nicolas-postigo\huertea-api\routes\index.js
- C:\Users\Nicolas\bootcamp\collab\letscoder-bootcamp-202010\staff\nicolas-postigo\huertea-api\index.js
    at Function.Module._resolveFilename (internal/modules/cjs/loader.js:831:15)
    at Function.Module._load (internal/modules/cjs/loader.js:687:27)
    at Module.require (internal/modules/cjs/loader.js:903:19)
    at require (internal/modules/cjs/helpers.js:74:18)
    at Object.<anonymous> (C:\Users\Nicolas\bootcamp\collab\letscoder-bootcamp-202010\staff\nicolas-postigo\huertea-api\routes\api\handlers\handle-register-user.js:1:26)
    at Module._compile (internal/modules/cjs/loader.js:1015:30)
    at Object.Module._extensions..js (internal/modules/cjs/loader.js:1035:10)
    at Module.load (internal/modules/cjs/loader.js:879:32)
    at Function.Module._load (internal/modules/cjs/loader.js:724:14)
    at Module.require (internal/modules/cjs/loader.js:903:19)
    at require (internal/modules/cjs/helpers.js:74:18)
    at Object.<anonymous> (C:\Users\Nicolas\bootcamp\collab\letscoder-bootcamp-202010\staff\nicolas-postigo\huertea-api\routes\api\handlers\index.js:3:25)
    at Module._compile (internal/modules/cjs/loader.js:1015:30)
    at Object.Module._extensions..js (internal/modules/cjs/loader.js:1035:10)
    at Module.load (internal/modules/cjs/loader.js:879:32)
    at Function.Module._load (internal/modules/cjs/loader.js:724:14)
info 2020-11-29T17:16:59.763Z - stopping server
info 2020-11-29T17:17:55.750Z - starting server
error 2020-11-29T17:17:55.805Z - Error: Cannot find module '../../../logic'
Require stack:
- C:\Users\Nicolas\bootcamp\collab\letscoder-bootcamp-202010\staff\nicolas-postigo\huertea-api\routes\api\handlers\handle-register-user.js
- C:\Users\Nicolas\bootcamp\collab\letscoder-bootcamp-202010\staff\nicolas-postigo\huertea-api\routes\api\handlers\index.js
- C:\Users\Nicolas\bootcamp\collab\letscoder-bootcamp-202010\staff\nicolas-postigo\huertea-api\routes\api\index.js
- C:\Users\Nicolas\bootcamp\collab\letscoder-bootcamp-202010\staff\nicolas-postigo\huertea-api\routes\index.js
- C:\Users\Nicolas\bootcamp\collab\letscoder-bootcamp-202010\staff\nicolas-postigo\huertea-api\index.js
    at Function.Module._resolveFilename (internal/modules/cjs/loader.js:831:15)
    at Function.Module._load (internal/modules/cjs/loader.js:687:27)
    at Module.require (internal/modules/cjs/loader.js:903:19)
    at require (internal/modules/cjs/helpers.js:74:18)
    at Object.<anonymous> (C:\Users\Nicolas\bootcamp\collab\letscoder-bootcamp-202010\staff\nicolas-postigo\huertea-api\routes\api\handlers\handle-register-user.js:1:26)
    at Module._compile (internal/modules/cjs/loader.js:1015:30)
    at Object.Module._extensions..js (internal/modules/cjs/loader.js:1035:10)
    at Module.load (internal/modules/cjs/loader.js:879:32)
    at Function.Module._load (internal/modules/cjs/loader.js:724:14)
    at Module.require (internal/modules/cjs/loader.js:903:19)
    at require (internal/modules/cjs/helpers.js:74:18)
    at Object.<anonymous> (C:\Users\Nicolas\bootcamp\collab\letscoder-bootcamp-202010\staff\nicolas-postigo\huertea-api\routes\api\handlers\index.js:3:25)
    at Module._compile (internal/modules/cjs/loader.js:1015:30)
    at Object.Module._extensions..js (internal/modules/cjs/loader.js:1035:10)
    at Module.load (internal/modules/cjs/loader.js:879:32)
    at Function.Module._load (internal/modules/cjs/loader.js:724:14)
info 2020-11-29T17:17:55.807Z - stopping server
